<?xml version="1.0" encoding="UTF-8"?>
<testng-results skipped="0" failed="0" ignored="0" total="1" passed="1">
  <reporter-output>
  </reporter-output>
  <suite name="Suite" duration-ms="23762" started-at="2019-10-15T06:39:43Z" finished-at="2019-10-15T06:40:07Z">
    <groups>
    </groups>
    <test name="Test" duration-ms="23762" started-at="2019-10-15T06:39:43Z" finished-at="2019-10-15T06:40:07Z">
      <class name="ankita_hrm.FirstMavenScript">
        <test-method status="PASS" signature="setUP()[pri:0, instance:ankita_hrm.FirstMavenScript@c285f4]" name="setUP" duration-ms="23516" started-at="2019-10-15T06:39:43Z" finished-at="2019-10-15T06:40:07Z">
          <reporter-output>
          </reporter-output>
        </test-method> <!-- setUP -->
      </class> <!-- ankita_hrm.FirstMavenScript -->
    </test> <!-- Test -->
  </suite> <!-- Suite -->
</testng-results>
